<?xml version="1.0" encoding="UTF-8"?>
<testsuite name="UnitTest" tests="1" skipped="0" failures="0" errors="0" timestamp="2022-04-08T00:44:05" hostname="MacBook-Pro-de-Simon.local" time="0.028">
  <properties/>
  <testcase name="BasicSelect_Test()" classname="UnitTest" time="0.028"/>
  <system-out><![CDATA[SELECT(Prenom, Nom) 
From eleves]]></system-out>
  <system-err><![CDATA[]]></system-err>
</testsuite>
