<?xml version="1.0" encoding="UTF-8"?>
<testsuite name="UnitTest" tests="12" skipped="0" failures="0" errors="0" timestamp="2022-04-17T00:08:32" hostname="MacBook-Pro-de-Simon.local" time="0.077">
  <properties/>
  <testcase name="FullOuterJoin()" classname="UnitTest" time="0.045"/>
  <testcase name="LEFTJOIN()" classname="UnitTest" time="0.001"/>
  <testcase name="OrderByASC()" classname="UnitTest" time="0.003"/>
  <testcase name="OrderByDESC()" classname="UnitTest" time="0.002"/>
  <testcase name="SelectWithConditionWhere()" classname="UnitTest" time="0.006"/>
  <testcase name="BasicSelect_Test()" classname="UnitTest" time="0.001"/>
  <testcase name="CompareTable()" classname="UnitTest" time="0.001"/>
  <testcase name="RightJoin()" classname="UnitTest" time="0.002"/>
  <testcase name="BasicSelectWithMoreThanTwoArg()" classname="UnitTest" time="0.0"/>
  <testcase name="SelectWithDoubleConditionWhere()" classname="UnitTest" time="0.002"/>
  <testcase name="InnerJoin()" classname="UnitTest" time="0.002"/>
  <testcase name="GroupBy()" classname="UnitTest" time="0.003"/>
  <system-out><![CDATA[]]></system-out>
  <system-err><![CDATA[]]></system-err>
</testsuite>
